<?xml version="1.0" encoding="UTF-8"?>
<testsuite xmlns:xsi="http://www.w3.org/2001/XMLSchema-instance" xsi:noNamespaceSchemaLocation="https://maven.apache.org/surefire/maven-surefire-plugin/xsd/surefire-test-report-3.0.xsd" version="3.0" name="SparbuchTest" time="0.034" tests="18" errors="0" skipped="0" failures="0">
  <properties>
    <property name="java.specification.version" value="15"/>
    <property name="sun.cpu.isalist" value="amd64"/>
    <property name="sun.jnu.encoding" value="Cp1252"/>
    <property name="java.class.path" value="C:\Studium\3.Semester\Prog3\Banksystem\target\test-classes;C:\Studium\3.Semester\Prog3\Banksystem\target\classes;C:\Users\Valentin Birth\.m2\repository\org\junit\jupiter\junit-jupiter\5.8.1\junit-jupiter-5.8.1.jar;C:\Users\Valentin Birth\.m2\repository\org\junit\jupiter\junit-jupiter-api\5.8.1\junit-jupiter-api-5.8.1.jar;C:\Users\Valentin Birth\.m2\repository\org\opentest4j\opentest4j\1.2.0\opentest4j-1.2.0.jar;C:\Users\Valentin Birth\.m2\repository\org\junit\platform\junit-platform-commons\1.8.1\junit-platform-commons-1.8.1.jar;C:\Users\Valentin Birth\.m2\repository\org\apiguardian\apiguardian-api\1.1.2\apiguardian-api-1.1.2.jar;C:\Users\Valentin Birth\.m2\repository\org\junit\jupiter\junit-jupiter-params\5.8.1\junit-jupiter-params-5.8.1.jar;C:\Users\Valentin Birth\.m2\repository\org\junit\jupiter\junit-jupiter-engine\5.8.1\junit-jupiter-engine-5.8.1.jar;C:\Users\Valentin Birth\.m2\repository\org\junit\platform\junit-platform-engine\1.8.1\junit-platform-engine-1.8.1.jar;C:\Users\Valentin Birth\.m2\repository\com\drewnoakes\metadata-extractor\2.16.0\metadata-extractor-2.16.0.jar;C:\Users\Valentin Birth\.m2\repository\com\adobe\xmp\xmpcore\6.1.11\xmpcore-6.1.11.jar;C:\Users\Valentin Birth\.m2\repository\org\decimal4j\decimal4j\1.0.3\decimal4j-1.0.3.jar;"/>
    <property name="java.vm.vendor" value="Oracle Corporation"/>
    <property name="sun.arch.data.model" value="64"/>
    <property name="user.variant" value=""/>
    <property name="java.vendor.url" value="https://java.oracle.com/"/>
    <property name="user.timezone" value="Europe/Berlin"/>
    <property name="os.name" value="Windows 10"/>
    <property name="java.vm.specification.version" value="15"/>
    <property name="sun.java.launcher" value="SUN_STANDARD"/>
    <property name="user.country" value="DE"/>
    <property name="sun.boot.library.path" value="C:\Program Files\Java\jdk-15.0.2\bin"/>
    <property name="sun.java.command" value="C:\Users\Valentin Birth\AppData\Local\Temp\surefire13191389885637100275\surefirebooter2708630920683890311.jar C:\Users\Valentin Birth\AppData\Local\Temp\surefire13191389885637100275 2021-10-31T11-53-05_994-jvmRun1 surefire8383690301382113265tmp surefire_016502492245389388188tmp"/>
    <property name="jdk.debug" value="release"/>
    <property name="surefire.test.class.path" value="C:\Studium\3.Semester\Prog3\Banksystem\target\test-classes;C:\Studium\3.Semester\Prog3\Banksystem\target\classes;C:\Users\Valentin Birth\.m2\repository\org\junit\jupiter\junit-jupiter\5.8.1\junit-jupiter-5.8.1.jar;C:\Users\Valentin Birth\.m2\repository\org\junit\jupiter\junit-jupiter-api\5.8.1\junit-jupiter-api-5.8.1.jar;C:\Users\Valentin Birth\.m2\repository\org\opentest4j\opentest4j\1.2.0\opentest4j-1.2.0.jar;C:\Users\Valentin Birth\.m2\repository\org\junit\platform\junit-platform-commons\1.8.1\junit-platform-commons-1.8.1.jar;C:\Users\Valentin Birth\.m2\repository\org\apiguardian\apiguardian-api\1.1.2\apiguardian-api-1.1.2.jar;C:\Users\Valentin Birth\.m2\repository\org\junit\jupiter\junit-jupiter-params\5.8.1\junit-jupiter-params-5.8.1.jar;C:\Users\Valentin Birth\.m2\repository\org\junit\jupiter\junit-jupiter-engine\5.8.1\junit-jupiter-engine-5.8.1.jar;C:\Users\Valentin Birth\.m2\repository\org\junit\platform\junit-platform-engine\1.8.1\junit-platform-engine-1.8.1.jar;C:\Users\Valentin Birth\.m2\repository\com\drewnoakes\metadata-extractor\2.16.0\metadata-extractor-2.16.0.jar;C:\Users\Valentin Birth\.m2\repository\com\adobe\xmp\xmpcore\6.1.11\xmpcore-6.1.11.jar;C:\Users\Valentin Birth\.m2\repository\org\decimal4j\decimal4j\1.0.3\decimal4j-1.0.3.jar;"/>
    <property name="sun.cpu.endian" value="little"/>
    <property name="user.home" value="C:\Users\Valentin Birth"/>
    <property name="user.language" value="de"/>
    <property name="java.specification.vendor" value="Oracle Corporation"/>
    <property name="java.version.date" value="2021-01-19"/>
    <property name="java.home" value="C:\Program Files\Java\jdk-15.0.2"/>
    <property name="file.separator" value="\"/>
    <property name="basedir" value="C:\Studium\3.Semester\Prog3\Banksystem"/>
    <property name="java.vm.compressedOopsMode" value="Zero based"/>
    <property name="line.separator" value="&#10;"/>
    <property name="java.vm.specification.vendor" value="Oracle Corporation"/>
    <property name="java.specification.name" value="Java Platform API Specification"/>
    <property name="surefire.real.class.path" value="C:\Users\Valentin Birth\AppData\Local\Temp\surefire13191389885637100275\surefirebooter2708630920683890311.jar"/>
    <property name="user.script" value=""/>
    <property name="sun.management.compiler" value="HotSpot 64-Bit Tiered Compilers"/>
    <property name="java.runtime.version" value="15.0.2+7-27"/>
    <property name="user.name" value="Valentin Birth"/>
    <property name="path.separator" value=";"/>
    <property name="os.version" value="10.0"/>
    <property name="java.runtime.name" value="Java(TM) SE Runtime Environment"/>
    <property name="file.encoding" value="Cp1252"/>
    <property name="java.vm.name" value="Java HotSpot(TM) 64-Bit Server VM"/>
    <property name="localRepository" value="C:\Users\Valentin Birth\.m2\repository"/>
    <property name="java.vendor.url.bug" value="https://bugreport.java.com/bugreport/"/>
    <property name="java.io.tmpdir" value="C:\Users\VALENT~1\AppData\Local\Temp\"/>
    <property name="idea.version" value="2021.2.3"/>
    <property name="java.version" value="15.0.2"/>
    <property name="user.dir" value="C:\Studium\3.Semester\Prog3\Banksystem"/>
    <property name="os.arch" value="amd64"/>
    <property name="java.vm.specification.name" value="Java Virtual Machine Specification"/>
    <property name="sun.os.patch.level" value=""/>
    <property name="java.library.path" value="C:\Program Files\Java\jdk-15.0.2\bin;C:\Windows\Sun\Java\bin;C:\Windows\system32;C:\Windows;C:\Program Files\Common Files\Oracle\Java\javapath;C:\Program Files (x86)\Common Files\Oracle\Java\javapath;C:\Windows\system32;C:\Windows;C:\Windows\System32\Wbem;C:\Windows\System32\WindowsPowerShell\v1.0\;C:\Windows\System32\OpenSSH\;C:\Program Files\MATLAB\R2021a\bin;C:\Program Files\Git\cmd;C:\Users\Valentin Birth\AppData\Local\Microsoft\WindowsApps;C:\Program Files\JetBrains\IntelliJ IDEA 2021.1\bin;;C:\Program Files\Gradle\gradle-7.0\bin;%JAVA_HOME%\bin;C:\Users\Valentin Birth\AppData\Local\Programs\MiKTeX\miktex\bin\x64\;."/>
    <property name="java.vm.info" value="mixed mode, sharing"/>
    <property name="java.vendor" value="Oracle Corporation"/>
    <property name="java.vm.version" value="15.0.2+7-27"/>
    <property name="sun.io.unicode.encoding" value="UnicodeLittle"/>
    <property name="java.class.version" value="59.0"/>
  </properties>
  <testcase name="euroInWaehrungTest" classname="SparbuchTest" time="0.001"/>
  <testcase name="waehrungInEuroTest" classname="SparbuchTest" time="0"/>
  <testcase name="abhebenMehrfachUeberschrittensbTest" classname="SparbuchTest" time="0"/>
  <testcase name="einzahlenFremwaehrungEinzelsbTest" classname="SparbuchTest" time="0"/>
  <testcase name="abhebenEinzelsbTest" classname="SparbuchTest" time="0.001"/>
  <testcase name="abhebenFalscherBetragsbTest" classname="SparbuchTest" time="0.001"/>
  <testcase name="wertEinesEuroEURTest" classname="SparbuchTest" time="0"/>
  <testcase name="entsperrenTest" classname="SparbuchTest" time="0"/>
  <testcase name="wertEinesEuroKMTest" classname="SparbuchTest" time="0"/>
  <testcase name="gesperrtsbTest" classname="SparbuchTest" time="0.001"/>
  <testcase name="wertEinesEuroBGNTest" classname="SparbuchTest" time="0.003"/>
  <testcase name="wahrungsWechselMehrfachsbTest" classname="SparbuchTest" time="0.001"/>
  <testcase name="abhebenMehrfachFremdwaehrungsbTest" classname="SparbuchTest" time="0.001"/>
  <testcase name="wertEinesEuroLTLTest" classname="SparbuchTest" time="0.001"/>
  <testcase name="abhebenEinzelFremdwaehrungsbTest" classname="SparbuchTest" time="0.001"/>
  <testcase name="wahrungsWechselEinzelsbTest" classname="SparbuchTest" time="0.002"/>
  <testcase name="einzahlenFremwaehrungMehrfachsbTest" classname="SparbuchTest" time="0.001"/>
  <testcase name="abhebenMehrfachsbTest" classname="SparbuchTest" time="0"/>
</testsuite>