<?xml version="1.0" encoding="UTF-8"?>
<testsuite xmlns:xsi="http://www.w3.org/2001/XMLSchema-instance" xsi:noNamespaceSchemaLocation="https://maven.apache.org/surefire/maven-surefire-plugin/xsd/surefire-test-report-3.0.xsd" version="3.0" name="SparbuchTest" time="0.024" tests="18" errors="0" skipped="0" failures="0">
  <properties>
    <property name="java.specification.version" value="15"/>
    <property name="sun.cpu.isalist" value="amd64"/>
    <property name="sun.jnu.encoding" value="Cp1252"/>
    <property name="java.class.path" value="D:\Schule\Studium\3. Semester\Prog3\Banksystem\target\test-classes;D:\Schule\Studium\3. Semester\Prog3\Banksystem\target\classes;C:\Users\tschu\.m2\repository\org\openjfx\javafx-controls\14\javafx-controls-14.jar;C:\Users\tschu\.m2\repository\org\openjfx\javafx-controls\14\javafx-controls-14-win.jar;C:\Users\tschu\.m2\repository\org\openjfx\javafx-graphics\14\javafx-graphics-14.jar;C:\Users\tschu\.m2\repository\org\openjfx\javafx-graphics\14\javafx-graphics-14-win.jar;C:\Users\tschu\.m2\repository\org\openjfx\javafx-base\14\javafx-base-14.jar;C:\Users\tschu\.m2\repository\org\openjfx\javafx-base\14\javafx-base-14-win.jar;C:\Users\tschu\.m2\repository\org\openjfx\javafx-fxml\14\javafx-fxml-14.jar;C:\Users\tschu\.m2\repository\org\openjfx\javafx-fxml\14\javafx-fxml-14-win.jar;C:\Users\tschu\.m2\repository\org\junit\jupiter\junit-jupiter\5.8.1\junit-jupiter-5.8.1.jar;C:\Users\tschu\.m2\repository\org\junit\jupiter\junit-jupiter-api\5.8.1\junit-jupiter-api-5.8.1.jar;C:\Users\tschu\.m2\repository\org\opentest4j\opentest4j\1.2.0\opentest4j-1.2.0.jar;C:\Users\tschu\.m2\repository\org\junit\platform\junit-platform-commons\1.8.1\junit-platform-commons-1.8.1.jar;C:\Users\tschu\.m2\repository\org\apiguardian\apiguardian-api\1.1.2\apiguardian-api-1.1.2.jar;C:\Users\tschu\.m2\repository\org\junit\jupiter\junit-jupiter-params\5.8.1\junit-jupiter-params-5.8.1.jar;C:\Users\tschu\.m2\repository\org\junit\jupiter\junit-jupiter-engine\5.8.1\junit-jupiter-engine-5.8.1.jar;C:\Users\tschu\.m2\repository\org\junit\platform\junit-platform-engine\1.8.1\junit-platform-engine-1.8.1.jar;C:\Users\tschu\.m2\repository\org\decimal4j\decimal4j\1.0.3\decimal4j-1.0.3.jar;C:\Users\tschu\.m2\repository\org\mockito\mockito-core\4.2.0\mockito-core-4.2.0.jar;C:\Users\tschu\.m2\repository\net\bytebuddy\byte-buddy\1.12.4\byte-buddy-1.12.4.jar;C:\Users\tschu\.m2\repository\net\bytebuddy\byte-buddy-agent\1.12.4\byte-buddy-agent-1.12.4.jar;C:\Users\tschu\.m2\repository\org\objenesis\objenesis\3.2\objenesis-3.2.jar;"/>
    <property name="java.vm.vendor" value="Oracle Corporation"/>
    <property name="sun.arch.data.model" value="64"/>
    <property name="user.variant" value=""/>
    <property name="java.vendor.url" value="https://java.oracle.com/"/>
    <property name="user.timezone" value="Europe/Berlin"/>
    <property name="os.name" value="Windows 10"/>
    <property name="java.vm.specification.version" value="15"/>
    <property name="sun.java.launcher" value="SUN_STANDARD"/>
    <property name="user.country" value="DE"/>
    <property name="sun.boot.library.path" value="C:\Program Files\Java\jdk-15.0.1\bin"/>
    <property name="sun.java.command" value="C:\Users\tschu\AppData\Local\Temp\surefire11350904037866329181\surefirebooter8545929221217922047.jar C:\Users\tschu\AppData\Local\Temp\surefire11350904037866329181 2022-01-24T16-14-53_370-jvmRun1 surefire18258602394339930581tmp surefire_06050570633362297892tmp"/>
    <property name="jdk.debug" value="release"/>
    <property name="surefire.test.class.path" value="D:\Schule\Studium\3. Semester\Prog3\Banksystem\target\test-classes;D:\Schule\Studium\3. Semester\Prog3\Banksystem\target\classes;C:\Users\tschu\.m2\repository\org\openjfx\javafx-controls\14\javafx-controls-14.jar;C:\Users\tschu\.m2\repository\org\openjfx\javafx-controls\14\javafx-controls-14-win.jar;C:\Users\tschu\.m2\repository\org\openjfx\javafx-graphics\14\javafx-graphics-14.jar;C:\Users\tschu\.m2\repository\org\openjfx\javafx-graphics\14\javafx-graphics-14-win.jar;C:\Users\tschu\.m2\repository\org\openjfx\javafx-base\14\javafx-base-14.jar;C:\Users\tschu\.m2\repository\org\openjfx\javafx-base\14\javafx-base-14-win.jar;C:\Users\tschu\.m2\repository\org\openjfx\javafx-fxml\14\javafx-fxml-14.jar;C:\Users\tschu\.m2\repository\org\openjfx\javafx-fxml\14\javafx-fxml-14-win.jar;C:\Users\tschu\.m2\repository\org\junit\jupiter\junit-jupiter\5.8.1\junit-jupiter-5.8.1.jar;C:\Users\tschu\.m2\repository\org\junit\jupiter\junit-jupiter-api\5.8.1\junit-jupiter-api-5.8.1.jar;C:\Users\tschu\.m2\repository\org\opentest4j\opentest4j\1.2.0\opentest4j-1.2.0.jar;C:\Users\tschu\.m2\repository\org\junit\platform\junit-platform-commons\1.8.1\junit-platform-commons-1.8.1.jar;C:\Users\tschu\.m2\repository\org\apiguardian\apiguardian-api\1.1.2\apiguardian-api-1.1.2.jar;C:\Users\tschu\.m2\repository\org\junit\jupiter\junit-jupiter-params\5.8.1\junit-jupiter-params-5.8.1.jar;C:\Users\tschu\.m2\repository\org\junit\jupiter\junit-jupiter-engine\5.8.1\junit-jupiter-engine-5.8.1.jar;C:\Users\tschu\.m2\repository\org\junit\platform\junit-platform-engine\1.8.1\junit-platform-engine-1.8.1.jar;C:\Users\tschu\.m2\repository\org\decimal4j\decimal4j\1.0.3\decimal4j-1.0.3.jar;C:\Users\tschu\.m2\repository\org\mockito\mockito-core\4.2.0\mockito-core-4.2.0.jar;C:\Users\tschu\.m2\repository\net\bytebuddy\byte-buddy\1.12.4\byte-buddy-1.12.4.jar;C:\Users\tschu\.m2\repository\net\bytebuddy\byte-buddy-agent\1.12.4\byte-buddy-agent-1.12.4.jar;C:\Users\tschu\.m2\repository\org\objenesis\objenesis\3.2\objenesis-3.2.jar;"/>
    <property name="sun.cpu.endian" value="little"/>
    <property name="user.home" value="C:\Users\tschu"/>
    <property name="user.language" value="de"/>
    <property name="java.specification.vendor" value="Oracle Corporation"/>
    <property name="java.version.date" value="2020-10-20"/>
    <property name="java.home" value="C:\Program Files\Java\jdk-15.0.1"/>
    <property name="file.separator" value="\"/>
    <property name="basedir" value="D:\Schule\Studium\3. Semester\Prog3\Banksystem"/>
    <property name="java.vm.compressedOopsMode" value="Zero based"/>
    <property name="line.separator" value="&#10;"/>
    <property name="java.vm.specification.vendor" value="Oracle Corporation"/>
    <property name="java.specification.name" value="Java Platform API Specification"/>
    <property name="surefire.real.class.path" value="C:\Users\tschu\AppData\Local\Temp\surefire11350904037866329181\surefirebooter8545929221217922047.jar"/>
    <property name="user.script" value=""/>
    <property name="sun.management.compiler" value="HotSpot 64-Bit Tiered Compilers"/>
    <property name="java.runtime.version" value="15.0.1+9-18"/>
    <property name="user.name" value="tschu"/>
    <property name="path.separator" value=";"/>
    <property name="os.version" value="10.0"/>
    <property name="java.runtime.name" value="Java(TM) SE Runtime Environment"/>
    <property name="file.encoding" value="Cp1252"/>
    <property name="java.vm.name" value="Java HotSpot(TM) 64-Bit Server VM"/>
    <property name="localRepository" value="C:\Users\tschu\.m2\repository"/>
    <property name="java.vendor.url.bug" value="https://bugreport.java.com/bugreport/"/>
    <property name="java.io.tmpdir" value="C:\Users\tschu\AppData\Local\Temp\"/>
    <property name="idea.version" value="2021.2.2"/>
    <property name="java.version" value="15.0.1"/>
    <property name="user.dir" value="D:\Schule\Studium\3. Semester\Prog3\Banksystem"/>
    <property name="os.arch" value="amd64"/>
    <property name="java.vm.specification.name" value="Java Virtual Machine Specification"/>
    <property name="sun.os.patch.level" value=""/>
    <property name="java.library.path" value="C:\Program Files\Java\jdk-15.0.1\bin;C:\WINDOWS\Sun\Java\bin;C:\WINDOWS\system32;C:\WINDOWS;C:\Program Files\Common Files\Oracle\Java\javapath;C:\Program Files\Broadcom\Broadcom 802.11 Network Adapter;C:\Program Files (x86)\Common Files\Oracle\Java\javapath;C:\WINDOWS\system32;C:\WINDOWS;C:\WINDOWS\System32\Wbem;C:\WINDOWS\System32\WindowsPowerShell\v1.0\;C:\WINDOWS\System32\OpenSSH\;C:\Program Files (x86)\NVIDIA Corporation\PhysX\Common;C:\Program Files\NVIDIA Corporation\NVIDIA NvDLISR;C:\WINDOWS\system32;C:\WINDOWS;C:\WINDOWS\System32\Wbem;C:\WINDOWS\System32\WindowsPowerShell\v1.0\;C:\WINDOWS\System32\OpenSSH\;C:\Programme\Java\jdk-15.0.1\bin;C:\Program Files\MATLAB\R2021a\bin;C:\Program Files\Git\cmd;C:\Program Files\Graphviz\bin;C:\Programme\Java\jdk-15.0.1\bin;C:\Users\tschu\AppData\Local\Programs\MiKTeX\miktex\bin\x64\;C:\Users\tschu\AppData\Local\Programs\Microsoft VS Code\bin;D:\Gradle\gradle-7.0\bin;C:\Program Files\JetBrains\IntelliJ IDEA 2021.2.2\bin;;."/>
    <property name="java.vm.info" value="mixed mode, sharing"/>
    <property name="java.vendor" value="Oracle Corporation"/>
    <property name="java.vm.version" value="15.0.1+9-18"/>
    <property name="sun.io.unicode.encoding" value="UnicodeLittle"/>
    <property name="java.class.version" value="59.0"/>
  </properties>
  <testcase name="euroInWaehrungTest" classname="SparbuchTest" time="0.001"/>
  <testcase name="waehrungInEuroTest" classname="SparbuchTest" time="0.001"/>
  <testcase name="abhebenMehrfachUeberschrittensbTest" classname="SparbuchTest" time="0.001"/>
  <testcase name="einzahlenFremwaehrungEinzelsbTest" classname="SparbuchTest" time="0"/>
  <testcase name="abhebenEinzelsbTest" classname="SparbuchTest" time="0.001"/>
  <testcase name="abhebenFalscherBetragsbTest" classname="SparbuchTest" time="0.002"/>
  <testcase name="wertEinesEuroEURTest" classname="SparbuchTest" time="0.001"/>
  <testcase name="entsperrenTest" classname="SparbuchTest" time="0.001"/>
  <testcase name="wertEinesEuroKMTest" classname="SparbuchTest" time="0.001"/>
  <testcase name="gesperrtsbTest" classname="SparbuchTest" time="0.001"/>
  <testcase name="wertEinesEuroBGNTest" classname="SparbuchTest" time="0.001"/>
  <testcase name="wahrungsWechselMehrfachsbTest" classname="SparbuchTest" time="0.001"/>
  <testcase name="abhebenMehrfachFremdwaehrungsbTest" classname="SparbuchTest" time="0.001"/>
  <testcase name="wertEinesEuroLTLTest" classname="SparbuchTest" time="0.001"/>
  <testcase name="abhebenEinzelFremdwaehrungsbTest" classname="SparbuchTest" time="0.001"/>
  <testcase name="wahrungsWechselEinzelsbTest" classname="SparbuchTest" time="0.001"/>
  <testcase name="einzahlenFremwaehrungMehrfachsbTest" classname="SparbuchTest" time="0.001"/>
  <testcase name="abhebenMehrfachsbTest" classname="SparbuchTest" time="0.001"/>
</testsuite>